<?xml version="1.0" encoding="UTF-8"?>
<!-- Generated by org.testng.reporters.JUnitXMLReporter -->
<testsuite hostname="DESKTOP-JSTUL8K" ignored="0" name="Functional Test2" tests="1" failures="1" timestamp="2021-08-27T12:07:52 BDT" time="2.02" errors="0">
  <testcase name="@AfterTest closeBrowser" time="2.004" classname="com.testClasses.ProductSearchAndSelect">
    <failure type="java.lang.NullPointerException">
      <![CDATA[java.lang.NullPointerException
at com.testClasses.ProductSearchAndSelect.closeBrowser(ProductSearchAndSelect.java:72)
... Removed 24 stack frames]]>
    </failure>
  </testcase> <!-- @AfterTest closeBrowser -->
  <testcase name="productSelect" time="0.002" classname="com.testClasses.ProductSearchAndSelect">
    <failure type="java.lang.NullPointerException">
      <![CDATA[java.lang.NullPointerException
at com.testClasses.ProductSearchAndSelect.productSelect(ProductSearchAndSelect.java:24)
at java.util.ArrayList.forEach(Unknown Source)
... Removed 27 stack frames]]>
    </failure>
  </testcase> <!-- productSelect -->
</testsuite> <!-- Functional Test2 -->
