<?xml version="1.0" encoding="UTF-8"?>
<!-- Generated by org.testng.reporters.JUnitXMLReporter -->
<testsuite hostname="DESKTOP-JSTUL8K" ignored="0" name="Test" tests="2" failures="1" timestamp="2021-08-17T20:31:57 BDT" time="23.113" errors="0">
  <testcase name="@AfterTest closeBrowser" time="0.001" classname="com.testClasses.ShwapnoLogin">
    <failure type="java.lang.NullPointerException">
      <![CDATA[java.lang.NullPointerException
at com.testClasses.ShwapnoLogin.closeBrowser(ShwapnoLogin.java:74)
... Removed 24 stack frames]]>
    </failure>
  </testcase> <!-- @AfterTest closeBrowser -->
  <testcase name="@AfterTest shwapnoLogin" time="-1.629210717498E9" classname="com.testClasses.ShwapnoPopUpWindow">
    <skipped/>
  </testcase> <!-- @AfterTest shwapnoLogin -->
  <testcase name="selectDeliveryLocation" time="5.888" classname="com.testClasses.ShwapnoPopUpWindow">
    <skipped/>
  </testcase> <!-- selectDeliveryLocation -->
  <testcase name="login" time="0.004" classname="com.testClasses.ShwapnoLogin">
    <failure type="java.lang.NullPointerException">
      <![CDATA[java.lang.NullPointerException
at com.testClasses.ShwapnoLogin.login(ShwapnoLogin.java:31)
at java.util.ArrayList.forEach(Unknown Source)
... Removed 27 stack frames]]>
    </failure>
  </testcase> <!-- login -->
</testsuite> <!-- Test -->
